TN:
SF:controllers\auth.controller.js
FN:6,(anonymous_0)
FN:68,(anonymous_1)
FN:80,(anonymous_2)
FN:119,(anonymous_3)
FN:149,(anonymous_4)
FN:186,(anonymous_5)
FN:208,(anonymous_6)
FN:216,(anonymous_7)
FNF:8
FNH:8
FNDA:7,(anonymous_0)
FNDA:3,(anonymous_1)
FNDA:6,(anonymous_2)
FNDA:1,(anonymous_3)
FNDA:2,(anonymous_4)
FNDA:2,(anonymous_5)
FNDA:1,(anonymous_6)
FNDA:7,(anonymous_7)
DA:1,3
DA:2,3
DA:3,3
DA:6,3
DA:7,7
DA:8,7
DA:11,7
DA:13,7
DA:14,1
DA:21,6
DA:31,6
DA:33,2
DA:34,1
DA:41,1
DA:42,0
DA:49,1
DA:60,5
DA:62,3
DA:64,2
DA:67,2
DA:68,3
DA:69,2
DA:75,0
DA:80,3
DA:81,6
DA:82,6
DA:85,6
DA:86,1
DA:93,5
DA:95,5
DA:96,1
DA:103,4
DA:105,4
DA:106,1
DA:112,3
DA:114,0
DA:119,3
DA:120,1
DA:122,1
DA:123,0
DA:129,1
DA:132,1
DA:133,0
DA:139,1
DA:144,0
DA:149,3
DA:150,2
DA:151,2
DA:156,2
DA:157,2
DA:160,2
DA:161,1
DA:171,2
DA:176,2
DA:181,0
DA:186,3
DA:187,2
DA:188,2
DA:191,2
DA:192,1
DA:198,1
DA:199,1
DA:201,1
DA:203,0
DA:208,3
DA:209,1
DA:216,3
DA:218,7
DA:221,7
DA:229,7
DA:230,0
DA:234,7
DA:244,7
DA:245,1
DA:248,7
LF:75
LH:66
BRDA:13,0,0,1
BRDA:13,0,1,6
BRDA:25,1,0,6
BRDA:25,1,1,3
BRDA:31,2,0,2
BRDA:31,2,1,4
BRDA:33,3,0,1
BRDA:33,3,1,1
BRDA:41,4,0,0
BRDA:41,4,1,1
BRDA:41,5,0,1
BRDA:41,5,1,1
BRDA:52,6,0,1
BRDA:52,6,1,0
BRDA:67,7,0,2
BRDA:67,7,1,0
BRDA:85,8,0,1
BRDA:85,8,1,5
BRDA:85,9,0,6
BRDA:85,9,1,6
BRDA:95,10,0,1
BRDA:95,10,1,4
BRDA:105,11,0,1
BRDA:105,11,1,3
BRDA:122,12,0,0
BRDA:122,12,1,1
BRDA:132,13,0,0
BRDA:132,13,1,1
BRDA:156,14,0,1
BRDA:156,14,1,1
BRDA:157,15,0,1
BRDA:157,15,1,1
BRDA:160,16,0,1
BRDA:160,16,1,1
BRDA:160,17,0,2
BRDA:160,17,1,1
BRDA:160,17,2,1
BRDA:165,18,0,1
BRDA:165,18,1,0
BRDA:191,19,0,1
BRDA:191,19,1,1
BRDA:229,20,0,0
BRDA:229,20,1,7
BRDA:244,21,0,1
BRDA:244,21,1,6
BRDA:244,22,0,7
BRDA:244,22,1,1
BRF:47
BRH:40
end_of_record
TN:
SF:controllers\category.controller.js
FN:6,(anonymous_0)
FN:38,(anonymous_1)
FN:65,(anonymous_2)
FN:80,(anonymous_3)
FN:102,(anonymous_4)
FN:127,(anonymous_5)
FN:170,(anonymous_6)
FN:223,(anonymous_7)
FN:271,(anonymous_8)
FN:299,(anonymous_9)
FNF:10
FNH:0
FNDA:0,(anonymous_0)
FNDA:0,(anonymous_1)
FNDA:0,(anonymous_2)
FNDA:0,(anonymous_3)
FNDA:0,(anonymous_4)
FNDA:0,(anonymous_5)
FNDA:0,(anonymous_6)
FNDA:0,(anonymous_7)
FNDA:0,(anonymous_8)
FNDA:0,(anonymous_9)
DA:1,1
DA:2,1
DA:3,1
DA:6,1
DA:7,0
DA:9,0
DA:11,0
DA:12,0
DA:15,0
DA:19,0
DA:20,0
DA:21,0
DA:22,0
DA:25,0
DA:30,0
DA:31,0
DA:34,0
DA:38,1
DA:39,0
DA:45,0
DA:46,0
DA:48,0
DA:49,0
DA:50,0
DA:51,0
DA:54,0
DA:55,0
DA:57,0
DA:58,0
DA:61,0
DA:65,1
DA:66,0
DA:67,0
DA:69,0
DA:75,0
DA:80,1
DA:81,0
DA:82,0
DA:84,0
DA:85,0
DA:91,0
DA:96,0
DA:97,0
DA:102,1
DA:103,0
DA:105,0
DA:107,0
DA:109,0
DA:114,0
DA:116,0
DA:117,0
DA:122,0
DA:127,1
DA:128,0
DA:129,0
DA:131,0
DA:132,0
DA:139,0
DA:140,0
DA:143,0
DA:152,0
DA:157,0
DA:159,0
DA:160,0
DA:165,0
DA:170,1
DA:171,0
DA:172,0
DA:174,0
DA:175,0
DA:182,0
DA:183,0
DA:185,0
DA:186,0
DA:193,0
DA:195,0
DA:196,0
DA:203,0
DA:204,0
DA:205,0
DA:206,0
DA:210,0
DA:212,0
DA:217,0
DA:218,0
DA:223,1
DA:224,0
DA:225,0
DA:227,0
DA:228,0
DA:234,0
DA:235,0
DA:241,0
DA:244,0
DA:245,0
DA:252,0
DA:253,0
DA:260,0
DA:263,0
DA:264,0
DA:265,0
DA:266,0
DA:271,0
DA:272,0
DA:273,0
DA:274,0
DA:281,0
DA:287,0
DA:293,0
DA:294,0
DA:299,1
DA:300,0
DA:302,0
DA:304,0
DA:305,0
DA:311,0
DA:313,0
DA:319,0
DA:320,0
LF:119
LH:12
BRDA:6,0,0,0
BRDA:11,1,0,0
BRDA:11,1,1,0
BRDA:19,2,0,0
BRDA:19,2,1,0
BRDA:20,3,0,0
BRDA:20,3,1,0
BRDA:21,4,0,0
BRDA:21,4,1,0
BRDA:38,5,0,0
BRDA:50,6,0,0
BRDA:50,6,1,0
BRDA:55,7,0,0
BRDA:55,7,1,0
BRDA:84,8,0,0
BRDA:84,8,1,0
BRDA:116,9,0,0
BRDA:116,9,1,0
BRDA:131,10,0,0
BRDA:131,10,1,0
BRDA:139,11,0,0
BRDA:139,11,1,0
BRDA:139,12,0,0
BRDA:139,12,1,0
BRDA:159,13,0,0
BRDA:159,13,1,0
BRDA:174,14,0,0
BRDA:174,14,1,0
BRDA:185,15,0,0
BRDA:185,15,1,0
BRDA:195,16,0,0
BRDA:195,16,1,0
BRDA:203,17,0,0
BRDA:203,17,1,0
BRDA:205,18,0,0
BRDA:205,18,1,0
BRDA:227,19,0,0
BRDA:227,19,1,0
BRDA:234,20,0,0
BRDA:234,20,1,0
BRDA:244,21,0,0
BRDA:244,21,1,0
BRDA:252,22,0,0
BRDA:252,22,1,0
BRDA:263,23,0,0
BRDA:263,23,1,0
BRDA:265,24,0,0
BRDA:265,24,1,0
BRDA:272,25,0,0
BRDA:272,25,1,0
BRDA:304,26,0,0
BRDA:304,26,1,0
BRF:52
BRH:0
end_of_record
TN:
SF:controllers\order.controller.js
FN:9,(anonymous_0)
FN:205,(anonymous_1)
FN:260,(anonymous_2)
FN:280,(anonymous_3)
FN:304,(anonymous_4)
FN:393,(anonymous_5)
FNF:6
FNH:6
FNDA:11,(anonymous_0)
FNDA:3,(anonymous_1)
FNDA:2,(anonymous_2)
FNDA:2,(anonymous_3)
FNDA:4,(anonymous_4)
FNDA:4,(anonymous_5)
DA:1,1
DA:2,1
DA:3,1
DA:4,1
DA:5,1
DA:6,1
DA:9,1
DA:10,11
DA:22,11
DA:25,11
DA:26,1
DA:33,10
DA:34,1
DA:41,9
DA:42,1
DA:49,8
DA:50,1
DA:57,7
DA:60,7
DA:61,7
DA:63,7
DA:64,7
DA:66,7
DA:67,1
DA:74,6
DA:75,1
DA:82,5
DA:85,5
DA:86,0
DA:90,5
DA:91,0
DA:92,0
DA:96,5
DA:97,5
DA:100,5
DA:107,5
DA:108,5
DA:112,5
DA:115,5
DA:121,5
DA:124,5
DA:141,5
DA:144,5
DA:159,5
DA:160,0
DA:161,0
DA:162,0
DA:164,0
DA:168,5
DA:183,0
DA:186,0
DA:187,0
DA:188,0
DA:189,0
DA:190,0
DA:191,0
DA:192,0
DA:196,0
DA:200,0
DA:205,1
DA:206,3
DA:207,3
DA:221,3
DA:222,1
DA:229,2
DA:230,2
DA:232,2
DA:233,0
DA:240,2
DA:241,2
DA:242,2
DA:249,2
DA:255,0
DA:260,1
DA:261,2
DA:262,2
DA:269,2
DA:275,0
DA:280,1
DA:281,2
DA:282,2
DA:293,2
DA:299,0
DA:304,1
DA:305,4
DA:306,4
DA:308,4
DA:309,1
DA:316,3
DA:317,0
DA:323,3
DA:324,3
DA:327,3
DA:328,1
DA:329,1
DA:330,1
DA:335,3
DA:336,1
DA:337,1
DA:340,3
DA:343,3
DA:345,3
DA:359,3
DA:360,3
DA:361,3
DA:364,0
DA:368,3
DA:382,3
DA:387,0
DA:388,0
DA:393,1
DA:394,4
DA:395,4
DA:397,4
DA:398,0
DA:405,4
DA:409,1
DA:416,3
DA:417,1
DA:424,2
DA:427,2
DA:428,2
DA:429,2
DA:430,2
DA:431,2
DA:435,2
DA:437,2
DA:442,0
DA:446,1
LF:129
LH:102
BRDA:25,0,0,1
BRDA:25,0,1,10
BRDA:25,1,0,11
BRDA:25,1,1,11
BRDA:33,2,0,1
BRDA:33,2,1,9
BRDA:33,3,0,10
BRDA:33,3,1,10
BRDA:41,4,0,1
BRDA:41,4,1,8
BRDA:41,5,0,9
BRDA:41,5,1,7
BRDA:41,5,2,6
BRDA:41,5,3,6
BRDA:49,6,0,1
BRDA:49,6,1,7
BRDA:49,7,0,8
BRDA:49,7,1,2
BRDA:49,7,2,1
BRDA:49,7,3,1
BRDA:66,8,0,1
BRDA:66,8,1,6
BRDA:74,9,0,1
BRDA:74,9,1,5
BRDA:85,10,0,0
BRDA:85,10,1,5
BRDA:85,11,0,5
BRDA:85,11,1,0
BRDA:90,12,0,0
BRDA:90,12,1,5
BRDA:90,13,0,5
BRDA:90,13,1,0
BRDA:128,14,0,4
BRDA:128,14,1,1
BRDA:129,15,0,1
BRDA:129,15,1,4
BRDA:135,16,0,5
BRDA:135,16,1,5
BRDA:136,17,0,0
BRDA:136,17,1,5
BRDA:136,18,0,5
BRDA:136,18,1,0
BRDA:159,19,0,0
BRDA:159,19,1,5
BRDA:159,20,0,5
BRDA:159,20,1,5
BRDA:186,21,0,0
BRDA:186,21,1,0
BRDA:186,22,0,0
BRDA:186,22,1,0
BRDA:190,23,0,0
BRDA:190,23,1,0
BRDA:221,24,0,1
BRDA:221,24,1,2
BRDA:232,25,0,0
BRDA:232,25,1,2
BRDA:232,26,0,2
BRDA:232,26,1,1
BRDA:241,27,0,2
BRDA:241,27,1,0
BRDA:308,28,0,1
BRDA:308,28,1,3
BRDA:316,29,0,0
BRDA:316,29,1,3
BRDA:327,30,0,1
BRDA:327,30,1,2
BRDA:329,31,0,1
BRDA:329,31,1,0
BRDA:335,32,0,1
BRDA:335,32,1,2
BRDA:360,33,0,3
BRDA:360,33,1,0
BRDA:360,34,0,3
BRDA:360,34,1,3
BRDA:397,35,0,0
BRDA:397,35,1,4
BRDA:405,36,0,1
BRDA:405,36,1,3
BRDA:406,37,0,4
BRDA:406,37,1,2
BRDA:416,38,0,1
BRDA:416,38,1,2
BRDA:429,39,0,2
BRDA:429,39,1,0
BRF:84
BRH:64
end_of_record
TN:
SF:controllers\payment.controller.js
FN:7,(anonymous_0)
FN:129,(anonymous_1)
FN:260,(anonymous_2)
FN:318,(anonymous_3)
FN:387,(anonymous_4)
FNF:5
FNH:0
FNDA:0,(anonymous_0)
FNDA:0,(anonymous_1)
FNDA:0,(anonymous_2)
FNDA:0,(anonymous_3)
FNDA:0,(anonymous_4)
DA:1,0
DA:2,0
DA:3,0
DA:4,0
DA:7,0
DA:8,0
DA:9,0
DA:23,0
DA:24,0
DA:31,0
DA:32,0
DA:38,0
DA:39,0
DA:45,0
DA:46,0
DA:47,0
DA:53,0
DA:54,0
DA:61,0
DA:62,0
DA:67,0
DA:71,0
DA:72,0
DA:74,0
DA:85,0
DA:86,0
DA:88,0
DA:101,0
DA:103,0
DA:110,0
DA:112,0
DA:118,0
DA:120,0
DA:129,0
DA:130,0
DA:131,0
DA:133,0
DA:134,0
DA:135,0
DA:136,0
DA:139,0
DA:140,0
DA:143,0
DA:144,0
DA:147,0
DA:150,0
DA:153,0
DA:154,0
DA:158,0
DA:159,0
DA:163,0
DA:164,0
DA:168,0
DA:169,0
DA:172,0
DA:174,0
DA:175,0
DA:179,0
DA:180,0
DA:181,0
DA:182,0
DA:183,0
DA:199,0
DA:202,0
DA:203,0
DA:217,0
DA:218,0
DA:219,0
DA:222,0
DA:225,0
DA:226,0
DA:229,0
DA:242,0
DA:244,0
DA:245,0
DA:249,0
DA:250,0
DA:254,0
DA:255,0
DA:260,0
DA:261,0
DA:262,0
DA:263,0
DA:264,0
DA:270,0
DA:272,0
DA:273,0
DA:279,0
DA:280,0
DA:282,0
DA:283,0
DA:289,0
DA:301,0
DA:307,0
DA:309,0
DA:318,0
DA:319,0
DA:320,0
DA:322,0
DA:323,0
DA:329,0
DA:330,0
DA:336,0
DA:337,0
DA:343,0
DA:344,0
DA:349,0
DA:350,0
DA:351,0
DA:358,0
DA:360,0
DA:370,0
DA:373,0
DA:375,0
DA:381,0
DA:382,0
DA:387,0
DA:388,0
DA:389,0
DA:391,0
DA:396,0
DA:397,0
DA:401,0
LF:123
LH:0
BRDA:23,0,0,0
BRDA:23,0,1,0
BRDA:31,1,0,0
BRDA:31,1,1,0
BRDA:38,2,0,0
BRDA:38,2,1,0
BRDA:46,3,0,0
BRDA:46,3,1,0
BRDA:53,4,0,0
BRDA:53,4,1,0
BRDA:61,5,0,0
BRDA:61,5,1,0
BRDA:61,6,0,0
BRDA:61,6,1,0
BRDA:82,7,0,0
BRDA:82,7,1,0
BRDA:104,8,0,0
BRDA:104,8,1,0
BRDA:108,9,0,0
BRDA:108,9,1,0
BRDA:123,10,0,0
BRDA:123,10,1,0
BRDA:133,11,0,0
BRDA:133,11,1,0
BRDA:135,12,0,0
BRDA:135,12,1,0
BRDA:139,13,0,0
BRDA:139,13,1,0
BRDA:153,14,0,0
BRDA:153,14,1,0
BRDA:158,15,0,0
BRDA:158,15,1,0
BRDA:163,16,0,0
BRDA:163,16,1,0
BRDA:168,17,0,0
BRDA:168,17,1,0
BRDA:174,18,0,0
BRDA:174,18,1,0
BRDA:179,19,0,0
BRDA:179,19,1,0
BRDA:194,20,0,0
BRDA:194,20,1,0
BRDA:195,21,0,0
BRDA:195,21,1,0
BRDA:196,22,0,0
BRDA:196,22,1,0
BRDA:218,23,0,0
BRDA:218,23,1,0
BRDA:218,24,0,0
BRDA:218,24,1,0
BRDA:237,25,0,0
BRDA:237,25,1,0
BRDA:238,26,0,0
BRDA:238,26,1,0
BRDA:239,27,0,0
BRDA:239,27,1,0
BRDA:263,28,0,0
BRDA:263,28,1,0
BRDA:272,29,0,0
BRDA:272,29,1,0
BRDA:282,30,0,0
BRDA:282,30,1,0
BRDA:282,31,0,0
BRDA:282,31,1,0
BRDA:296,32,0,0
BRDA:296,32,1,0
BRDA:296,32,2,0
BRDA:297,33,0,0
BRDA:297,33,1,0
BRDA:312,34,0,0
BRDA:312,34,1,0
BRDA:322,35,0,0
BRDA:322,35,1,0
BRDA:329,36,0,0
BRDA:329,36,1,0
BRDA:336,37,0,0
BRDA:336,37,1,0
BRDA:336,38,0,0
BRDA:336,38,1,0
BRDA:349,39,0,0
BRDA:349,39,1,0
BRDA:370,40,0,0
BRDA:370,40,1,0
BRF:83
BRH:0
end_of_record
TN:
SF:controllers\product.controller.js
FN:7,(anonymous_0)
FN:39,(anonymous_1)
FN:66,(anonymous_2)
FN:115,(anonymous_3)
FN:115,(anonymous_4)
FN:124,(anonymous_5)
FN:140,(anonymous_6)
FN:140,(anonymous_7)
FN:143,(anonymous_8)
FN:281,(anonymous_9)
FN:324,(anonymous_10)
FN:330,(anonymous_11)
FN:344,(anonymous_12)
FN:372,(anonymous_13)
FN:399,(anonymous_14)
FN:440,(anonymous_15)
FN:441,(anonymous_16)
FN:442,(anonymous_17)
FN:443,(anonymous_18)
FN:457,(anonymous_19)
FN:479,(anonymous_20)
FN:504,(anonymous_21)
FN:549,(anonymous_22)
FN:562,(anonymous_23)
FN:584,(anonymous_24)
FN:624,(anonymous_25)
FN:652,(anonymous_26)
FN:668,(anonymous_27)
FN:684,(anonymous_28)
FN:697,(anonymous_29)
FN:730,(anonymous_30)
FN:752,(anonymous_31)
FN:757,(anonymous_32)
FNF:33
FNH:20
FNDA:12,(anonymous_0)
FNDA:7,(anonymous_1)
FNDA:13,(anonymous_2)
FNDA:0,(anonymous_3)
FNDA:0,(anonymous_4)
FNDA:0,(anonymous_5)
FNDA:0,(anonymous_6)
FNDA:0,(anonymous_7)
FNDA:0,(anonymous_8)
FNDA:1,(anonymous_9)
FNDA:1,(anonymous_10)
FNDA:1,(anonymous_11)
FNDA:1,(anonymous_12)
FNDA:3,(anonymous_13)
FNDA:2,(anonymous_14)
FNDA:1,(anonymous_15)
FNDA:1,(anonymous_16)
FNDA:0,(anonymous_17)
FNDA:0,(anonymous_18)
FNDA:4,(anonymous_19)
FNDA:5,(anonymous_20)
FNDA:2,(anonymous_21)
FNDA:2,(anonymous_22)
FNDA:0,(anonymous_23)
FNDA:0,(anonymous_24)
FNDA:0,(anonymous_25)
FNDA:0,(anonymous_26)
FNDA:0,(anonymous_27)
FNDA:1,(anonymous_28)
FNDA:1,(anonymous_29)
FNDA:4,(anonymous_30)
FNDA:1,(anonymous_31)
FNDA:1,(anonymous_32)
DA:1,1
DA:2,1
DA:3,1
DA:4,1
DA:7,1
DA:8,12
DA:10,12
DA:12,12
DA:13,4
DA:16,8
DA:20,12
DA:21,4
DA:22,1
DA:23,1
DA:26,0
DA:31,0
DA:32,0
DA:35,12
DA:39,1
DA:40,7
DA:46,7
DA:47,7
DA:49,7
DA:50,7
DA:51,7
DA:52,2
DA:55,7
DA:56,7
DA:58,0
DA:59,0
DA:62,7
DA:66,1
DA:67,13
DA:69,13
DA:72,13
DA:73,1
DA:75,1
DA:95,13
DA:96,1
DA:98,1
DA:99,1
DA:100,1
DA:101,1
DA:105,1
DA:106,1
DA:107,1
DA:108,1
DA:114,13
DA:115,0
DA:117,0
DA:118,0
DA:119,0
DA:123,0
DA:124,0
DA:125,0
DA:127,0
DA:139,13
DA:140,0
DA:142,0
DA:143,0
DA:144,0
DA:149,13
DA:150,1
DA:154,13
DA:155,2
DA:158,13
DA:159,2
DA:162,13
DA:163,2
DA:164,2
DA:165,2
DA:170,13
DA:171,1
DA:172,1
DA:176,13
DA:177,1
DA:181,13
DA:182,1
DA:186,13
DA:190,13
DA:192,13
DA:193,1
DA:202,1
DA:203,1
DA:207,13
DA:210,13
DA:211,13
DA:212,13
DA:213,13
DA:216,13
DA:219,13
DA:222,13
DA:225,13
DA:226,13
DA:228,13
DA:229,1
DA:235,13
DA:236,0
DA:242,13
DA:273,13
DA:275,0
DA:276,0
DA:281,1
DA:282,1
DA:283,1
DA:284,1
DA:285,1
DA:286,1
DA:288,1
DA:294,1
DA:300,1
DA:302,1
DA:303,1
DA:304,0
DA:306,1
DA:307,0
DA:310,1
DA:318,0
DA:319,0
DA:324,1
DA:325,1
DA:326,1
DA:330,1
DA:332,1
DA:338,0
DA:339,0
DA:344,1
DA:345,1
DA:347,1
DA:372,1
DA:373,3
DA:374,2
DA:376,3
DA:381,3
DA:384,1
DA:393,0
DA:394,0
DA:399,1
DA:400,2
DA:401,2
DA:403,2
DA:404,1
DA:410,1
DA:413,1
DA:439,1
DA:440,1
DA:441,1
DA:442,0
DA:443,0
DA:446,1
DA:451,0
DA:452,0
DA:457,1
DA:458,4
DA:459,4
DA:461,4
DA:462,2
DA:468,2
DA:473,0
DA:474,0
DA:479,1
DA:480,5
DA:482,5
DA:485,5
DA:486,0
DA:491,5
DA:493,3
DA:498,2
DA:499,2
DA:504,1
DA:505,2
DA:506,2
DA:508,2
DA:509,0
DA:516,2
DA:517,2
DA:521,2
DA:522,0
DA:527,2
DA:529,2
DA:538,2
DA:543,0
DA:544,0
DA:549,1
DA:550,2
DA:551,2
DA:553,2
DA:554,1
DA:561,1
DA:562,0
DA:563,0
DA:564,0
DA:565,0
DA:570,1
DA:572,1
DA:578,0
DA:579,0
DA:584,1
DA:585,0
DA:586,0
DA:588,0
DA:589,0
DA:595,0
DA:596,0
DA:602,0
DA:605,0
DA:606,0
DA:613,0
DA:614,0
DA:621,0
DA:624,0
DA:625,0
DA:626,0
DA:627,0
DA:634,0
DA:640,0
DA:646,0
DA:647,0
DA:652,1
DA:653,0
DA:654,0
DA:657,0
DA:663,0
DA:668,1
DA:669,0
DA:670,0
DA:673,0
DA:679,0
DA:684,1
DA:685,1
DA:686,1
DA:688,1
DA:689,0
DA:696,1
DA:698,1
DA:699,1
DA:700,1
DA:701,1
DA:702,1
DA:703,1
DA:706,0
DA:710,1
DA:720,1
DA:725,0
DA:730,1
DA:731,4
DA:732,4
DA:734,4
DA:735,1
DA:741,3
DA:743,3
DA:744,0
DA:751,3
DA:752,1
DA:755,3
DA:757,1
DA:758,1
DA:759,1
DA:760,1
DA:761,1
DA:762,1
DA:767,2
DA:777,3
DA:779,3
DA:781,3
DA:786,0
DA:790,1
LF:267
LH:189
BRDA:7,0,0,0
BRDA:12,1,0,4
BRDA:12,1,1,8
BRDA:20,2,0,4
BRDA:20,2,1,8
BRDA:21,3,0,1
BRDA:21,3,1,3
BRDA:22,4,0,1
BRDA:22,4,1,0
BRDA:39,5,0,5
BRDA:51,6,0,2
BRDA:51,6,1,5
BRDA:56,7,0,7
BRDA:56,7,1,0
BRDA:72,8,0,1
BRDA:72,8,1,12
BRDA:88,9,0,1
BRDA:88,9,1,0
BRDA:95,10,0,1
BRDA:95,10,1,12
BRDA:95,11,0,13
BRDA:95,11,1,12
BRDA:98,12,0,1
BRDA:98,12,1,0
BRDA:100,13,0,1
BRDA:100,13,1,0
BRDA:105,14,0,1
BRDA:105,14,1,0
BRDA:107,15,0,1
BRDA:107,15,1,0
BRDA:114,16,0,0
BRDA:114,16,1,13
BRDA:117,17,0,0
BRDA:117,17,1,0
BRDA:123,18,0,0
BRDA:123,18,1,0
BRDA:139,19,0,0
BRDA:139,19,1,13
BRDA:142,20,0,0
BRDA:142,20,1,0
BRDA:149,21,0,1
BRDA:149,21,1,12
BRDA:149,22,0,13
BRDA:149,22,1,1
BRDA:154,23,0,2
BRDA:154,23,1,11
BRDA:158,24,0,2
BRDA:158,24,1,11
BRDA:162,25,0,2
BRDA:162,25,1,11
BRDA:164,26,0,2
BRDA:164,26,1,0
BRDA:170,27,0,1
BRDA:170,27,1,12
BRDA:176,28,0,1
BRDA:176,28,1,12
BRDA:181,29,0,1
BRDA:181,29,1,12
BRDA:192,30,0,1
BRDA:192,30,1,12
BRDA:202,31,0,1
BRDA:202,31,1,0
BRDA:210,32,0,13
BRDA:210,32,1,12
BRDA:211,33,0,13
BRDA:211,33,1,12
BRDA:228,34,0,1
BRDA:228,34,1,12
BRDA:235,35,0,0
BRDA:235,35,1,13
BRDA:252,36,0,13
BRDA:252,36,1,12
BRDA:253,37,0,0
BRDA:253,37,1,13
BRDA:254,38,0,0
BRDA:254,38,1,13
BRDA:256,39,0,13
BRDA:256,39,1,11
BRDA:257,40,0,13
BRDA:257,40,1,11
BRDA:258,41,0,13
BRDA:258,41,1,11
BRDA:261,42,0,13
BRDA:261,42,1,12
BRDA:262,43,0,13
BRDA:262,43,1,12
BRDA:283,44,0,1
BRDA:283,44,1,1
BRDA:284,45,0,1
BRDA:284,45,1,1
BRDA:286,46,0,1
BRDA:286,46,1,1
BRDA:303,47,0,0
BRDA:303,47,1,1
BRDA:306,48,0,0
BRDA:306,48,1,1
BRDA:373,49,0,2
BRDA:373,49,1,1
BRDA:403,50,0,1
BRDA:403,50,1,1
BRDA:403,51,0,2
BRDA:403,51,1,2
BRDA:461,52,0,2
BRDA:461,52,1,2
BRDA:485,53,0,0
BRDA:485,53,1,5
BRDA:485,54,0,5
BRDA:485,54,1,0
BRDA:485,54,2,0
BRDA:508,55,0,0
BRDA:508,55,1,2
BRDA:516,56,0,2
BRDA:516,56,1,0
BRDA:516,57,0,2
BRDA:516,57,1,2
BRDA:521,58,0,0
BRDA:521,58,1,2
BRDA:521,59,0,2
BRDA:521,59,1,0
BRDA:521,59,2,0
BRDA:553,60,0,1
BRDA:553,60,1,1
BRDA:561,61,0,0
BRDA:561,61,1,1
BRDA:561,62,0,1
BRDA:561,62,1,1
BRDA:564,63,0,0
BRDA:564,63,1,0
BRDA:588,64,0,0
BRDA:588,64,1,0
BRDA:595,65,0,0
BRDA:595,65,1,0
BRDA:595,66,0,0
BRDA:595,66,1,0
BRDA:605,67,0,0
BRDA:605,67,1,0
BRDA:613,68,0,0
BRDA:613,68,1,0
BRDA:625,69,0,0
BRDA:625,69,1,0
BRDA:688,70,0,0
BRDA:688,70,1,1
BRDA:699,71,0,1
BRDA:699,71,1,0
BRDA:702,72,0,1
BRDA:702,72,1,0
BRDA:714,73,0,1
BRDA:714,73,1,0
BRDA:734,74,0,1
BRDA:734,74,1,3
BRDA:734,75,0,4
BRDA:734,75,1,4
BRDA:734,75,2,4
BRDA:743,76,0,0
BRDA:743,76,1,3
BRDA:752,77,0,1
BRDA:752,77,1,1
BRDA:755,78,0,1
BRDA:755,78,1,2
BRDA:758,79,0,1
BRDA:758,79,1,0
BRDA:758,80,0,1
BRDA:758,80,1,1
BRF:163
BRH:111
end_of_record
TN:
SF:controllers\stats.controller.js
FN:10,(anonymous_0)
FN:131,(anonymous_1)
FNF:2
FNH:0
FNDA:0,(anonymous_0)
FNDA:0,(anonymous_1)
DA:1,0
DA:2,0
DA:3,0
DA:4,0
DA:5,0
DA:10,0
DA:11,0
DA:13,0
DA:26,0
DA:29,0
DA:32,0
DA:42,0
DA:43,0
DA:45,0
DA:71,0
DA:112,0
DA:124,0
DA:131,0
DA:132,0
DA:134,0
DA:137,0
DA:140,0
DA:145,0
DA:154,0
LF:24
LH:0
BRDA:115,0,0,0
BRDA:115,0,1,0
BRF:2
BRH:0
end_of_record
TN:
SF:controllers\systemConfig.controller.js
FN:6,(anonymous_0)
FN:13,(anonymous_1)
FN:35,(anonymous_2)
FN:59,(anonymous_3)
FN:139,(anonymous_4)
FN:159,(anonymous_5)
FN:204,(anonymous_6)
FNF:7
FNH:0
FNDA:0,(anonymous_0)
FNDA:0,(anonymous_1)
FNDA:0,(anonymous_2)
FNDA:0,(anonymous_3)
FNDA:0,(anonymous_4)
FNDA:0,(anonymous_5)
FNDA:0,(anonymous_6)
DA:1,0
DA:6,0
DA:7,0
DA:8,0
DA:13,0
DA:14,0
DA:15,0
DA:17,0
DA:18,0
DA:21,0
DA:28,0
DA:35,0
DA:36,0
DA:37,0
DA:40,0
DA:41,0
DA:47,0
DA:52,0
DA:59,0
DA:60,0
DA:61,0
DA:63,0
DA:64,0
DA:70,0
DA:72,0
DA:73,0
DA:79,0
DA:80,0
DA:87,0
DA:88,0
DA:89,0
DA:90,0
DA:97,0
DA:98,0
DA:99,0
DA:104,0
DA:105,0
DA:112,0
DA:113,0
DA:114,0
DA:116,0
DA:119,0
DA:120,0
DA:123,0
DA:126,0
DA:132,0
DA:139,0
DA:140,0
DA:141,0
DA:143,0
DA:152,0
DA:159,0
DA:160,0
DA:161,0
DA:163,0
DA:164,0
DA:170,0
DA:171,0
DA:172,0
DA:178,0
DA:180,0
DA:181,0
DA:187,0
DA:197,0
DA:204,0
DA:205,0
DA:207,0
DA:208,0
DA:215,0
DA:257,0
DA:258,0
DA:269,0
DA:275,0
LF:73
LH:0
BRDA:14,0,0,0
BRDA:14,0,1,0
BRDA:40,1,0,0
BRDA:40,1,1,0
BRDA:63,2,0,0
BRDA:63,2,1,0
BRDA:63,3,0,0
BRDA:63,3,1,0
BRDA:72,4,0,0
BRDA:72,4,1,0
BRDA:79,5,0,0
BRDA:79,5,1,0
BRDA:87,6,0,0
BRDA:87,6,1,0
BRDA:89,7,0,0
BRDA:89,7,1,0
BRDA:97,8,0,0
BRDA:97,8,1,0
BRDA:98,9,0,0
BRDA:98,9,1,0
BRDA:98,10,0,0
BRDA:98,10,1,0
BRDA:104,11,0,0
BRDA:104,11,1,0
BRDA:104,12,0,0
BRDA:104,12,1,0
BRDA:113,13,0,0
BRDA:113,13,1,0
BRDA:163,14,0,0
BRDA:163,14,1,0
BRDA:163,15,0,0
BRDA:163,15,1,0
BRDA:171,16,0,0
BRDA:171,16,1,0
BRDA:171,17,0,0
BRDA:171,17,1,0
BRDA:171,17,2,0
BRDA:180,18,0,0
BRDA:180,18,1,0
BRDA:207,19,0,0
BRDA:207,19,1,0
BRF:41
BRH:0
end_of_record
TN:
SF:controllers\user.controller.js
FN:8,(anonymous_0)
FN:25,(anonymous_1)
FN:48,(anonymous_2)
FN:83,(anonymous_3)
FNF:4
FNH:0
FNDA:0,(anonymous_0)
FNDA:0,(anonymous_1)
FNDA:0,(anonymous_2)
FNDA:0,(anonymous_3)
DA:1,0
DA:2,0
DA:3,0
DA:8,0
DA:9,0
DA:10,0
DA:12,0
DA:18,0
DA:25,0
DA:26,0
DA:27,0
DA:29,0
DA:30,0
DA:36,0
DA:41,0
DA:48,0
DA:49,0
DA:51,0
DA:53,0
DA:54,0
DA:61,0
DA:62,0
DA:66,0
DA:71,0
DA:76,0
DA:83,0
DA:84,0
DA:85,0
DA:87,0
DA:88,0
DA:94,0
DA:96,0
DA:101,0
LF:33
LH:0
BRDA:29,0,0,0
BRDA:29,0,1,0
BRDA:53,1,0,0
BRDA:53,1,1,0
BRDA:61,2,0,0
BRDA:61,2,1,0
BRDA:87,3,0,0
BRDA:87,3,1,0
BRF:8
BRH:0
end_of_record
TN:
SF:middleware\auth.js
FN:6,(anonymous_0)
FN:67,(anonymous_1)
FN:68,(anonymous_2)
FNF:3
FNH:3
FNDA:71,(anonymous_0)
FNDA:16,(anonymous_1)
FNDA:28,(anonymous_2)
DA:1,4
DA:2,4
DA:3,4
DA:6,4
DA:9,71
DA:14,60
DA:15,11
DA:17,1
DA:21,71
DA:22,10
DA:28,61
DA:30,61
DA:33,55
DA:36,55
DA:38,54
DA:39,1
DA:45,53
DA:46,53
DA:48,7
DA:51,7
DA:52,1
DA:59,6
DA:67,4
DA:68,16
DA:69,28
DA:70,1
DA:77,27
DA:78,5
DA:83,22
LF:29
LH:29
BRDA:9,0,0,60
BRDA:9,0,1,11
BRDA:10,1,0,71
BRDA:10,1,1,61
BRDA:15,2,0,1
BRDA:15,2,1,10
BRDA:15,3,0,11
BRDA:15,3,1,3
BRDA:21,4,0,10
BRDA:21,4,1,61
BRDA:38,5,0,1
BRDA:38,5,1,53
BRDA:51,6,0,1
BRDA:51,6,1,6
BRDA:69,7,0,1
BRDA:69,7,1,27
BRDA:77,8,0,5
BRDA:77,8,1,22
BRF:18
BRH:18
end_of_record
TN:
SF:models\Category.js
FN:34,(anonymous_0)
FN:63,(anonymous_1)
FNF:2
FNH:2
FNDA:109,(anonymous_0)
FNDA:109,(anonymous_1)
DA:1,4
DA:3,4
DA:34,4
DA:35,109
DA:43,109
DA:44,109
DA:46,109
DA:47,109
DA:48,109
DA:49,109
DA:52,109
DA:53,109
DA:55,0
DA:56,0
DA:59,109
DA:63,4
DA:65,109
DA:66,109
DA:69,109
DA:72,4
LF:20
LH:18
BRDA:34,0,0,0
BRDA:48,1,0,109
BRDA:48,1,1,0
BRDA:53,2,0,109
BRDA:53,2,1,0
BRDA:65,3,0,109
BRDA:65,3,1,0
BRDA:65,4,0,109
BRDA:65,4,1,0
BRF:9
BRH:4
end_of_record
TN:
SF:models\Order.js
FN:30,(anonymous_0)
FN:36,(anonymous_1)
FN:42,(anonymous_2)
FN:48,(anonymous_3)
FN:54,(anonymous_4)
FN:160,(anonymous_5)
FN:188,(anonymous_6)
FN:204,(anonymous_7)
FN:236,(anonymous_8)
FN:265,(anonymous_9)
FNF:10
FNH:10
FNDA:86,(anonymous_0)
FNDA:86,(anonymous_1)
FNDA:86,(anonymous_2)
FNDA:86,(anonymous_3)
FNDA:86,(anonymous_4)
FNDA:75,(anonymous_5)
FNDA:82,(anonymous_6)
FNDA:1,(anonymous_7)
FNDA:1,(anonymous_8)
FNDA:1,(anonymous_9)
DA:1,3
DA:3,3
DA:31,86
DA:37,86
DA:43,86
DA:49,86
DA:55,86
DA:160,75
DA:188,3
DA:189,82
DA:192,82
DA:193,22
DA:194,0
DA:196,22
DA:197,22
DA:200,82
DA:204,3
DA:205,1
DA:208,1
DA:209,1
DA:210,1
DA:213,1
DA:214,1
DA:215,1
DA:218,1
DA:219,1
DA:220,1
DA:221,1
DA:222,1
DA:224,1
DA:226,1
DA:236,3
DA:237,1
DA:261,1
DA:265,3
DA:266,1
DA:276,3
DA:277,3
DA:278,3
DA:279,3
DA:280,3
DA:282,3
LF:42
LH:41
BRDA:192,0,0,22
BRDA:192,0,1,60
BRDA:193,1,0,0
BRDA:193,1,1,22
BRDA:204,2,0,0
BRDA:218,3,0,1
BRDA:218,3,1,0
BRDA:270,4,0,1
BRDA:270,4,1,0
BRDA:271,5,0,1
BRDA:271,5,1,1
BRF:11
BRH:7
end_of_record
TN:
SF:models\Product.js
FN:117,(anonymous_0)
FN:146,(anonymous_1)
FN:168,(anonymous_2)
FN:174,(anonymous_3)
FNF:4
FNH:4
FNDA:158,(anonymous_0)
FNDA:167,(anonymous_1)
FNDA:6,(anonymous_2)
FNDA:7,(anonymous_3)
DA:1,4
DA:3,4
DA:117,4
DA:118,158
DA:126,158
DA:127,158
DA:129,158
DA:130,160
DA:131,160
DA:132,157
DA:135,160
DA:136,160
DA:138,2
DA:139,2
DA:142,158
DA:146,4
DA:148,167
DA:149,156
DA:153,167
DA:156,167
DA:157,12
DA:159,155
DA:160,155
DA:161,155
DA:164,167
DA:168,4
DA:169,6
DA:170,1
DA:171,1
DA:174,7
DA:175,5
DA:178,4
LF:32
LH:32
BRDA:117,0,0,2
BRDA:131,1,0,157
BRDA:131,1,1,3
BRDA:136,2,0,158
BRDA:136,2,1,2
BRDA:148,3,0,156
BRDA:148,3,1,11
BRDA:148,4,0,167
BRDA:148,4,1,11
BRDA:148,4,2,11
BRDA:156,5,0,12
BRDA:156,5,1,155
BRDA:156,6,0,167
BRDA:156,6,1,13
BRDA:169,7,0,1
BRDA:169,7,1,5
BRF:16
BRH:16
end_of_record
TN:
SF:models\SystemConfig.js
FN:56,(anonymous_0)
FN:62,(anonymous_1)
FN:73,(anonymous_2)
FN:98,(anonymous_3)
FN:103,(anonymous_4)
FNF:5
FNH:1
FNDA:168,(anonymous_0)
FNDA:0,(anonymous_1)
FNDA:0,(anonymous_2)
FNDA:0,(anonymous_3)
FNDA:0,(anonymous_4)
DA:1,2
DA:3,2
DA:56,2
DA:57,168
DA:58,168
DA:62,2
DA:63,0
DA:64,0
DA:65,0
DA:67,0
DA:68,0
DA:73,2
DA:74,0
DA:75,0
DA:80,0
DA:81,0
DA:84,0
DA:90,0
DA:92,0
DA:93,0
DA:98,2
DA:99,0
DA:103,2
DA:104,0
DA:107,2
LF:25
LH:10
BRDA:62,0,0,0
BRDA:65,1,0,0
BRDA:65,1,1,0
BRDA:73,2,0,0
BRDA:80,3,0,0
BRDA:80,3,1,0
BRDA:103,4,0,0
BRF:7
BRH:0
end_of_record
TN:
SF:models\User.js
FN:35,(anonymous_0)
FN:41,(anonymous_1)
FN:86,(anonymous_2)
FN:96,(anonymous_3)
FN:103,(anonymous_4)
FN:108,(anonymous_5)
FN:113,(anonymous_6)
FN:118,(anonymous_7)
FNF:8
FNH:8
FNDA:251,(anonymous_0)
FNDA:251,(anonymous_1)
FNDA:243,(anonymous_2)
FNDA:160,(anonymous_3)
FNDA:8,(anonymous_4)
FNDA:2,(anonymous_5)
FNDA:2,(anonymous_6)
FNDA:2,(anonymous_7)
DA:1,7
DA:2,7
DA:3,7
DA:5,7
DA:36,251
DA:42,251
DA:86,7
DA:87,243
DA:88,0
DA:91,243
DA:92,243
DA:96,7
DA:97,160
DA:103,7
DA:104,8
DA:108,7
DA:109,2
DA:113,7
DA:114,2
DA:118,7
DA:119,2
DA:122,7
LF:22
LH:21
BRDA:87,0,0,0
BRDA:87,0,1,243
BRDA:109,1,0,2
BRDA:109,1,1,1
BRDA:114,2,0,1
BRDA:114,2,1,1
BRDA:119,3,0,2
BRDA:119,3,1,2
BRF:8
BRH:7
end_of_record
TN:
SF:services\email.service.js
FN:17,(anonymous_0)
FN:75,(anonymous_1)
FN:98,(anonymous_2)
FN:196,(anonymous_3)
FN:203,(anonymous_4)
FN:430,(anonymous_5)
FN:569,(anonymous_6)
FN:594,(anonymous_7)
FN:685,(anonymous_8)
FN:687,(anonymous_9)
FN:709,(anonymous_10)
FN:820,(anonymous_11)
FN:887,(anonymous_12)
FN:889,(anonymous_13)
FN:972,(anonymous_14)
FN:1085,(anonymous_15)
FN:1148,(anonymous_16)
FN:1209,(anonymous_17)
FN:1220,(anonymous_18)
FN:1222,(anonymous_19)
FN:1235,(anonymous_20)
FN:1236,(anonymous_21)
FNF:22
FNH:0
FNDA:0,(anonymous_0)
FNDA:0,(anonymous_1)
FNDA:0,(anonymous_2)
FNDA:0,(anonymous_3)
FNDA:0,(anonymous_4)
FNDA:0,(anonymous_5)
FNDA:0,(anonymous_6)
FNDA:0,(anonymous_7)
FNDA:0,(anonymous_8)
FNDA:0,(anonymous_9)
FNDA:0,(anonymous_10)
FNDA:0,(anonymous_11)
FNDA:0,(anonymous_12)
FNDA:0,(anonymous_13)
FNDA:0,(anonymous_14)
FNDA:0,(anonymous_15)
FNDA:0,(anonymous_16)
FNDA:0,(anonymous_17)
FNDA:0,(anonymous_18)
FNDA:0,(anonymous_19)
FNDA:0,(anonymous_20)
FNDA:0,(anonymous_21)
DA:1,0
DA:6,0
DA:17,0
DA:18,0
DA:75,0
DA:76,0
DA:77,0
DA:85,0
DA:87,0
DA:88,0
DA:90,0
DA:91,0
DA:98,0
DA:99,0
DA:100,0
DA:101,0
DA:102,0
DA:104,0
DA:105,0
DA:106,0
DA:141,0
DA:143,0
DA:144,0
DA:177,0
DA:180,0
DA:187,0
DA:189,0
DA:196,0
DA:197,0
DA:199,0
DA:200,0
DA:203,0
DA:205,0
DA:206,0
DA:207,0
DA:208,0
DA:209,0
DA:210,0
DA:212,0
DA:236,0
DA:237,0
DA:238,0
DA:239,0
DA:252,0
DA:253,0
DA:272,0
DA:273,0
DA:275,0
DA:281,0
DA:283,0
DA:291,0
DA:293,0
DA:301,0
DA:304,0
DA:410,0
DA:411,0
DA:412,0
DA:415,0
DA:422,0
DA:430,0
DA:431,0
DA:432,0
DA:434,0
DA:436,0
DA:447,0
DA:450,0
DA:461,0
DA:464,0
DA:475,0
DA:478,0
DA:489,0
DA:492,0
DA:503,0
DA:506,0
DA:515,0
DA:569,0
DA:578,0
DA:585,0
DA:587,0
DA:594,0
DA:595,0
DA:596,0
DA:669,0
DA:676,0
DA:678,0
DA:685,0
DA:686,0
DA:687,0
DA:709,0
DA:711,0
DA:804,0
DA:811,0
DA:813,0
DA:820,0
DA:821,0
DA:822,0
DA:824,0
DA:871,0
DA:878,0
DA:880,0
DA:887,0
DA:888,0
DA:889,0
DA:911,0
DA:952,0
DA:953,0
DA:960,0
DA:963,0
DA:965,0
DA:972,0
DA:973,0
DA:974,0
DA:976,0
DA:1065,0
DA:1066,0
DA:1073,0
DA:1076,0
DA:1078,0
DA:1085,0
DA:1086,0
DA:1087,0
DA:1148,0
DA:1188,0
DA:1190,0
DA:1191,0
DA:1192,0
DA:1194,0
DA:1201,0
DA:1202,0
DA:1204,0
DA:1205,0
DA:1209,0
DA:1210,0
DA:1212,0
DA:1213,0
DA:1220,0
DA:1221,0
DA:1222,0
DA:1235,0
DA:1236,0
DA:1238,0
DA:1311,0
DA:1318,0
DA:1320,0
DA:1324,0
LF:145
LH:0
BRDA:17,0,0,0
BRDA:38,1,0,0
BRDA:38,1,1,0
BRDA:82,2,0,0
BRDA:82,2,1,0
BRDA:104,3,0,0
BRDA:104,3,1,0
BRDA:167,4,0,0
BRDA:167,4,1,0
BRDA:200,5,0,0
BRDA:200,5,1,0
BRDA:205,6,0,0
BRDA:205,6,1,0
BRDA:206,7,0,0
BRDA:206,7,1,0
BRDA:207,8,0,0
BRDA:207,8,1,0
BRDA:208,9,0,0
BRDA:208,9,1,0
BRDA:209,10,0,0
BRDA:209,10,1,0
BRDA:237,11,0,0
BRDA:237,11,1,0
BRDA:238,12,0,0
BRDA:238,12,1,0
BRDA:245,13,0,0
BRDA:245,13,1,0
BRDA:246,14,0,0
BRDA:246,14,1,0
BRDA:246,15,0,0
BRDA:246,15,1,0
BRDA:247,16,0,0
BRDA:247,16,1,0
BRDA:247,17,0,0
BRDA:247,17,1,0
BRDA:252,18,0,0
BRDA:252,18,1,0
BRDA:259,19,0,0
BRDA:259,19,1,0
BRDA:260,20,0,0
BRDA:260,20,1,0
BRDA:262,21,0,0
BRDA:262,21,1,0
BRDA:273,22,0,0
BRDA:273,22,1,0
BRDA:273,22,2,0
BRDA:278,23,0,0
BRDA:278,23,1,0
BRDA:297,24,0,0
BRDA:297,24,1,0
BRDA:371,25,0,0
BRDA:371,25,1,0
BRDA:374,26,0,0
BRDA:374,26,1,0
BRDA:375,27,0,0
BRDA:375,27,1,0
BRDA:380,28,0,0
BRDA:380,28,1,0
BRDA:380,29,0,0
BRDA:380,29,1,0
BRDA:385,30,0,0
BRDA:385,30,1,0
BRDA:396,31,0,0
BRDA:396,31,1,0
BRDA:400,32,0,0
BRDA:400,32,1,0
BRDA:411,33,0,0
BRDA:411,33,1,0
BRDA:418,34,0,0
BRDA:418,34,1,0
BRDA:434,35,0,0
BRDA:434,35,1,0
BRDA:434,35,2,0
BRDA:434,35,3,0
BRDA:434,35,4,0
BRDA:434,35,5,0
BRDA:544,36,0,0
BRDA:544,36,1,0
BRDA:556,37,0,0
BRDA:556,37,1,0
BRDA:624,38,0,0
BRDA:624,38,1,0
BRDA:628,39,0,0
BRDA:628,39,1,0
BRDA:658,40,0,0
BRDA:658,40,1,0
BRDA:692,41,0,0
BRDA:692,41,1,0
BRDA:745,42,0,0
BRDA:745,42,1,0
BRDA:750,43,0,0
BRDA:750,43,1,0
BRDA:793,44,0,0
BRDA:793,44,1,0
BRDA:822,45,0,0
BRDA:822,45,1,0
BRDA:894,46,0,0
BRDA:894,46,1,0
BRDA:898,47,0,0
BRDA:898,47,1,0
BRDA:898,48,0,0
BRDA:898,48,1,0
BRDA:903,49,0,0
BRDA:903,49,1,0
BRDA:992,50,0,0
BRDA:992,50,1,0
BRDA:1008,51,0,0
BRDA:1008,51,1,0
BRDA:1011,52,0,0
BRDA:1011,52,1,0
BRDA:1041,53,0,0
BRDA:1041,53,1,0
BRDA:1047,54,0,0
BRDA:1047,54,1,0
BRDA:1054,55,0,0
BRDA:1054,55,1,0
BRDA:1093,56,0,0
BRDA:1093,56,1,0
BRDA:1105,57,0,0
BRDA:1105,57,1,0
BRDA:1111,58,0,0
BRDA:1111,58,1,0
BRDA:1117,59,0,0
BRDA:1117,59,1,0
BRDA:1132,60,0,0
BRDA:1132,60,1,0
BRDA:1145,61,0,0
BRDA:1145,61,1,0
BRDA:1145,62,0,0
BRDA:1145,62,1,0
BRDA:1154,63,0,0
BRDA:1154,63,1,0
BRDA:1156,64,0,0
BRDA:1156,64,1,0
BRDA:1168,65,0,0
BRDA:1168,65,1,0
BRDA:1168,66,0,0
BRDA:1168,66,1,0
BRDA:1175,67,0,0
BRDA:1175,67,1,0
BRDA:1260,68,0,0
BRDA:1260,68,1,0
BRDA:1285,69,0,0
BRDA:1285,69,1,0
BRF:144
BRH:0
end_of_record
TN:
SF:services\payment.service.js
FN:16,(anonymous_0)
FN:19,(anonymous_1)
FN:65,(anonymous_2)
FN:68,(anonymous_3)
FN:109,(anonymous_4)
FN:112,(anonymous_5)
FNF:6
FNH:0
FNDA:0,(anonymous_0)
FNDA:0,(anonymous_1)
FNDA:0,(anonymous_2)
FNDA:0,(anonymous_3)
FNDA:0,(anonymous_4)
FNDA:0,(anonymous_5)
DA:16,0
DA:17,0
DA:19,0
DA:22,0
DA:23,0
DA:26,0
DA:27,0
DA:31,0
DA:32,0
DA:36,0
DA:39,0
DA:50,0
DA:51,0
DA:65,0
DA:66,0
DA:68,0
DA:71,0
DA:72,0
DA:76,0
DA:77,0
DA:81,0
DA:82,0
DA:83,0
DA:86,0
DA:93,0
DA:94,0
DA:109,0
DA:110,0
DA:112,0
DA:115,0
DA:116,0
DA:120,0
DA:121,0
DA:125,0
DA:128,0
DA:138,0
DA:139,0
DA:148,0
LF:38
LH:0
BRDA:22,0,0,0
BRDA:22,0,1,0
BRDA:22,1,0,0
BRDA:22,1,1,0
BRDA:26,2,0,0
BRDA:26,2,1,0
BRDA:31,3,0,0
BRDA:31,3,1,0
BRDA:43,4,0,0
BRDA:43,4,1,0
BRDA:71,5,0,0
BRDA:71,5,1,0
BRDA:76,6,0,0
BRDA:76,6,1,0
BRDA:83,7,0,0
BRDA:83,7,1,0
BRDA:83,8,0,0
BRDA:83,8,1,0
BRDA:115,9,0,0
BRDA:115,9,1,0
BRDA:120,10,0,0
BRDA:120,10,1,0
BRDA:132,11,0,0
BRDA:132,11,1,0
BRDA:133,12,0,0
BRDA:133,12,1,0
BRF:26
BRH:0
end_of_record
TN:
SF:services\systemConfig.service.js
FN:19,(anonymous_0)
FN:48,(anonymous_1)
FN:83,(anonymous_2)
FN:92,(anonymous_3)
FN:102,(anonymous_4)
FN:111,(anonymous_5)
FN:127,(anonymous_6)
FN:147,(anonymous_7)
FN:161,(anonymous_8)
FN:229,(anonymous_9)
FN:236,(anonymous_10)
FN:245,(anonymous_11)
FN:255,(anonymous_12)
FN:259,(anonymous_13)
FNF:14
FNH:14
FNDA:28,(anonymous_0)
FNDA:2,(anonymous_1)
FNDA:4,(anonymous_2)
FNDA:3,(anonymous_3)
FNDA:1,(anonymous_4)
FNDA:4,(anonymous_5)
FNDA:4,(anonymous_6)
FNDA:2,(anonymous_7)
FNDA:2,(anonymous_8)
FNDA:31,(anonymous_9)
FNDA:24,(anonymous_10)
FNDA:1,(anonymous_11)
FNDA:1,(anonymous_12)
FNDA:2,(anonymous_13)
DA:1,1
DA:4,1
DA:5,1
DA:6,1
DA:20,28
DA:22,28
DA:23,1
DA:27,27
DA:28,26
DA:31,26
DA:32,26
DA:34,26
DA:36,1
DA:37,1
DA:49,2
DA:50,2
DA:60,2
DA:61,1
DA:65,1
DA:68,1
DA:69,1
DA:72,1
DA:74,1
DA:75,1
DA:84,4
DA:93,3
DA:94,3
DA:103,1
DA:104,1
DA:112,4
DA:113,4
DA:115,4
DA:128,4
DA:129,1
DA:132,3
DA:135,3
DA:136,1
DA:139,2
DA:148,2
DA:150,2
DA:151,5
DA:154,2
DA:162,2
DA:212,2
DA:213,12
DA:214,12
DA:215,12
DA:216,11
DA:217,11
DA:220,0
DA:230,31
DA:237,24
DA:238,24
DA:246,1
DA:256,1
DA:260,2
DA:264,1
LF:57
LH:56
BRDA:19,0,0,13
BRDA:22,1,0,1
BRDA:22,1,1,27
BRDA:22,2,0,28
BRDA:22,2,1,9
BRDA:28,3,0,22
BRDA:28,3,1,4
BRDA:32,4,0,18
BRDA:32,4,1,8
BRDA:48,5,0,2
BRDA:60,6,0,1
BRDA:60,6,1,1
BRDA:68,7,0,1
BRDA:68,7,1,0
BRDA:127,8,0,3
BRDA:128,9,0,1
BRDA:128,9,1,3
BRDA:135,10,0,1
BRDA:135,10,1,2
BRDA:215,11,0,11
BRDA:215,11,1,1
BRDA:230,12,0,31
BRDA:230,12,1,12
BRDA:249,13,0,1
BRDA:249,13,1,0
BRF:25
BRH:23
end_of_record
TN:
SF:services\transbank.service.js
FN:17,(anonymous_0)
FN:19,(anonymous_1)
FN:23,(anonymous_2)
FN:52,(anonymous_3)
FN:70,initializeTransaction
FN:82,(anonymous_5)
FN:100,(anonymous_6)
FN:106,(anonymous_7)
FN:161,(anonymous_8)
FN:200,(anonymous_9)
FN:222,(anonymous_10)
FN:236,(anonymous_11)
FN:258,(anonymous_12)
FN:281,(anonymous_13)
FNF:14
FNH:11
FNDA:0,(anonymous_0)
FNDA:0,(anonymous_1)
FNDA:0,(anonymous_2)
FNDA:2,(anonymous_3)
FNDA:11,initializeTransaction
FNDA:8,(anonymous_5)
FNDA:8,(anonymous_6)
FNDA:8,(anonymous_7)
FNDA:6,(anonymous_8)
FNDA:3,(anonymous_9)
FNDA:2,(anonymous_10)
FNDA:2,(anonymous_11)
FNDA:2,(anonymous_12)
FNDA:1,(anonymous_13)
DA:1,1
DA:2,1
DA:4,1
DA:6,1
DA:8,1
DA:9,0
DA:11,1
DA:12,1
DA:15,0
DA:18,0
DA:19,0
DA:23,0
DA:52,1
DA:53,2
DA:54,0
DA:60,2
DA:68,1
DA:71,11
DA:72,1
DA:73,1
DA:79,11
DA:82,1
DA:83,8
DA:84,8
DA:85,8
DA:86,7
DA:89,8
DA:90,8
DA:92,8
DA:93,7
DA:94,7
DA:97,1
DA:100,1
DA:101,8
DA:102,8
DA:103,8
DA:106,1
DA:107,8
DA:108,8
DA:109,2
DA:112,6
DA:113,6
DA:114,6
DA:115,6
DA:117,6
DA:119,6
DA:120,0
DA:123,6
DA:124,0
DA:127,6
DA:128,0
DA:130,6
DA:132,6
DA:133,6
DA:139,6
DA:141,3
DA:142,0
DA:145,3
DA:153,5
DA:154,5
DA:155,1
DA:157,5
DA:161,1
DA:162,6
DA:163,6
DA:164,1
DA:167,5
DA:168,5
DA:170,3
DA:171,0
DA:174,3
DA:175,3
DA:177,3
DA:192,3
DA:193,3
DA:194,0
DA:196,3
DA:200,1
DA:201,3
DA:202,3
DA:203,1
DA:204,1
DA:205,1
DA:208,2
DA:209,1
DA:210,1
DA:211,1
DA:215,1
DA:217,0
DA:218,0
DA:222,1
DA:223,2
DA:224,2
DA:225,2
DA:229,2
DA:231,0
DA:232,0
DA:236,1
DA:237,2
DA:238,2
DA:239,1
DA:247,1
DA:248,1
DA:258,1
DA:259,2
DA:260,2
DA:270,0
DA:271,0
DA:281,1
DA:282,1
DA:283,1
DA:292,1
DA:293,1
DA:295,1
LF:114
LH:96
BRDA:8,0,0,0
BRDA:8,0,1,1
BRDA:53,1,0,0
BRDA:53,1,1,2
BRDA:71,2,0,1
BRDA:71,2,1,10
BRDA:85,3,0,7
BRDA:85,3,1,1
BRDA:92,4,0,7
BRDA:92,4,1,1
BRDA:108,5,0,2
BRDA:108,5,1,6
BRDA:108,6,0,8
BRDA:108,6,1,7
BRDA:108,6,2,7
BRDA:114,7,0,6
BRDA:114,7,1,0
BRDA:117,8,0,6
BRDA:117,8,1,0
BRDA:119,9,0,0
BRDA:119,9,1,6
BRDA:123,10,0,0
BRDA:123,10,1,6
BRDA:127,11,0,0
BRDA:127,11,1,6
BRDA:141,12,0,0
BRDA:141,12,1,3
BRDA:141,13,0,3
BRDA:141,13,1,3
BRDA:154,14,0,1
BRDA:154,14,1,4
BRDA:155,15,0,1
BRDA:155,15,1,0
BRDA:163,16,0,1
BRDA:163,16,1,5
BRDA:170,17,0,0
BRDA:170,17,1,3
BRDA:175,18,0,2
BRDA:175,18,1,1
BRDA:187,19,0,3
BRDA:187,19,1,2
BRDA:188,20,0,3
BRDA:188,20,1,3
BRDA:193,21,0,0
BRDA:193,21,1,3
BRDA:194,22,0,0
BRDA:194,22,1,0
BRDA:202,23,0,1
BRDA:202,23,1,2
BRDA:202,24,0,3
BRDA:202,24,1,3
BRDA:208,25,0,1
BRDA:208,25,1,1
BRDA:208,26,0,2
BRDA:208,26,1,2
BRDA:210,27,0,1
BRDA:210,27,1,0
BRDA:229,28,0,1
BRDA:229,28,1,1
BRDA:284,29,0,1
BRDA:284,29,1,0
BRF:61
BRH:46
end_of_record
TN:
SF:utils\errorResponse.js
FN:11,(anonymous_0)
FNF:1
FNH:0
FNDA:0,(anonymous_0)
DA:12,0
DA:13,0
DA:14,0
DA:15,0
DA:17,0
DA:21,4
LF:6
LH:1
BRDA:14,0,0,0
BRDA:14,0,1,0
BRF:2
BRH:0
end_of_record
TN:
SF:utils\validators.js
FN:10,(anonymous_0)
FN:21,(anonymous_1)
FN:31,(anonymous_2)
FN:41,(anonymous_3)
FN:52,(anonymous_4)
FN:65,(anonymous_5)
FN:76,(anonymous_6)
FN:90,(anonymous_7)
FN:105,(anonymous_8)
FN:118,(anonymous_9)
FN:130,(anonymous_10)
FN:170,(anonymous_11)
FN:199,(anonymous_12)
FN:238,(anonymous_13)
FNF:14
FNH:14
FNDA:9,(anonymous_0)
FNDA:8,(anonymous_1)
FNDA:9,(anonymous_2)
FNDA:9,(anonymous_3)
FNDA:9,(anonymous_4)
FNDA:8,(anonymous_5)
FNDA:11,(anonymous_6)
FNDA:5,(anonymous_7)
FNDA:9,(anonymous_8)
FNDA:7,(anonymous_9)
FNDA:10,(anonymous_10)
FNDA:6,(anonymous_11)
FNDA:10,(anonymous_12)
FNDA:7,(anonymous_13)
DA:10,1
DA:11,9
DA:12,9
DA:21,1
DA:22,8
DA:23,4
DA:31,1
DA:32,9
DA:33,9
DA:41,1
DA:43,9
DA:44,9
DA:52,1
DA:54,9
DA:57,9
DA:65,1
DA:67,8
DA:68,8
DA:76,1
DA:77,11
DA:78,11
DA:79,7
DA:81,4
DA:90,1
DA:91,5
DA:92,2
DA:105,1
DA:106,9
DA:107,6
DA:118,1
DA:119,7
DA:121,4
DA:122,4
DA:130,1
DA:131,10
DA:134,6
DA:137,6
DA:140,2
DA:141,2
DA:144,2
DA:145,2
DA:148,2
DA:149,16
DA:150,16
DA:154,2
DA:157,2
DA:158,2
DA:159,2
DA:162,2
DA:170,1
DA:171,6
DA:174,3
DA:177,3
DA:178,3
DA:181,3
DA:182,3
DA:183,24
DA:184,24
DA:185,6
DA:186,6
DA:191,3
DA:199,1
DA:200,10
DA:203,9
DA:206,9
DA:209,8
DA:212,6
DA:213,6
DA:216,6
DA:217,95
DA:219,95
DA:220,47
DA:221,47
DA:224,95
DA:225,95
DA:229,6
DA:238,1
DA:239,7
DA:244,7
DA:245,28
DA:248,28
DA:249,1
DA:250,1
DA:251,1
DA:255,27
DA:258,22
DA:259,2
DA:260,2
DA:261,2
DA:265,20
DA:266,11
DA:267,6
DA:268,1
DA:269,1
DA:271,5
DA:272,5
DA:273,0
DA:274,0
DA:280,20
DA:281,11
DA:282,6
DA:283,0
DA:284,0
DA:286,5
DA:287,5
DA:288,1
DA:289,1
DA:295,20
DA:296,7
DA:297,1
DA:298,1
DA:303,20
DA:304,2
DA:305,2
DA:306,1
DA:307,1
DA:312,7
DA:315,1
LF:118
LH:114
BRDA:22,0,0,4
BRDA:22,0,1,4
BRDA:22,1,0,8
BRDA:22,1,1,5
BRDA:54,2,0,4
BRDA:54,2,1,5
BRDA:57,3,0,9
BRDA:57,3,1,6
BRDA:79,4,0,7
BRDA:79,4,1,5
BRDA:91,5,0,3
BRDA:91,5,1,2
BRDA:91,6,0,5
BRDA:91,6,1,3
BRDA:106,7,0,3
BRDA:106,7,1,6
BRDA:106,8,0,9
BRDA:106,8,1,6
BRDA:119,9,0,3
BRDA:119,9,1,4
BRDA:131,10,0,4
BRDA:131,10,1,6
BRDA:131,11,0,10
BRDA:131,11,1,7
BRDA:137,12,0,4
BRDA:137,12,1,2
BRDA:150,13,0,2
BRDA:150,13,1,14
BRDA:157,14,0,0
BRDA:157,14,1,2
BRDA:158,15,0,0
BRDA:158,15,1,2
BRDA:171,16,0,3
BRDA:171,16,1,3
BRDA:171,17,0,6
BRDA:171,17,1,3
BRDA:184,18,0,6
BRDA:184,18,1,18
BRDA:184,19,0,24
BRDA:184,19,1,6
BRDA:200,20,0,1
BRDA:200,20,1,9
BRDA:206,21,0,1
BRDA:206,21,1,8
BRDA:209,22,0,2
BRDA:209,22,1,6
BRDA:209,23,0,8
BRDA:209,23,1,7
BRDA:219,24,0,47
BRDA:219,24,1,48
BRDA:221,25,0,20
BRDA:221,25,1,27
BRDA:248,26,0,1
BRDA:248,26,1,27
BRDA:248,27,0,28
BRDA:248,27,1,21
BRDA:248,27,2,20
BRDA:248,27,3,20
BRDA:255,28,0,5
BRDA:255,28,1,22
BRDA:258,29,0,2
BRDA:258,29,1,20
BRDA:258,30,0,22
BRDA:258,30,1,22
BRDA:265,31,0,11
BRDA:265,31,1,9
BRDA:266,32,0,6
BRDA:266,32,1,5
BRDA:266,33,0,11
BRDA:266,33,1,5
BRDA:267,34,0,1
BRDA:267,34,1,5
BRDA:271,35,0,5
BRDA:271,35,1,0
BRDA:272,36,0,0
BRDA:272,36,1,5
BRDA:280,37,0,11
BRDA:280,37,1,9
BRDA:281,38,0,6
BRDA:281,38,1,5
BRDA:281,39,0,11
BRDA:281,39,1,5
BRDA:282,40,0,0
BRDA:282,40,1,6
BRDA:286,41,0,5
BRDA:286,41,1,0
BRDA:287,42,0,1
BRDA:287,42,1,4
BRDA:295,43,0,7
BRDA:295,43,1,13
BRDA:295,44,0,20
BRDA:295,44,1,7
BRDA:296,45,0,1
BRDA:296,45,1,6
BRDA:298,46,0,1
BRDA:298,46,1,0
BRDA:303,47,0,2
BRDA:303,47,1,18
BRDA:303,48,0,20
BRDA:303,48,1,2
BRDA:305,49,0,1
BRDA:305,49,1,1
BRDA:307,50,0,1
BRDA:307,50,1,1
BRF:104
BRH:97
end_of_record
